TN:
SF:C:\Users\gebruiker\Documents\git\TI2806\src\pullrequestTransformer.js
FN:3,PullRequestTransformer
FN:4,(anonymous_2)
FN:14,(anonymous_3)
FN:15,(anonymous_4)
FN:25,transformGitHubPullrequest
FN:39,transformBitbucketPullrequest
FNF:6
FNH:3
FNDA:1,PullRequestTransformer
FNDA:1,(anonymous_2)
FNDA:0,(anonymous_3)
FNDA:0,(anonymous_4)
FNDA:1,transformGitHubPullrequest
FNDA:0,transformBitbucketPullrequest
DA:3,1
DA:4,1
DA:5,1
DA:7,1
DA:9,0
DA:11,0
DA:14,1
DA:15,0
DA:16,0
DA:25,1
DA:26,1
DA:27,1
DA:39,1
DA:40,0
DA:41,0
LF:15
LH:9
BRDA:5,1,0,1
BRDA:5,1,1,0
BRDA:5,1,2,0
BRF:3
BRH:1
end_of_record
TN:
SF:C:\Users\gebruiker\Documents\git\TI2806\src\services\GitHubAPI.js
FN:8,GitHubAPI
FN:25,(anonymous_2)
FNF:2
FNH:2
FNDA:1,GitHubAPI
FNDA:2,(anonymous_2)
DA:8,1
DA:11,1
DA:12,1
DA:25,1
DA:26,2
DA:27,2
DA:28,2
DA:30,2
DA:31,2
DA:32,2
DA:33,1
DA:34,1
DA:36,1
DA:41,2
LF:14
LH:14
BRDA:31,1,0,2
BRDA:31,1,1,0
BRDA:32,2,0,1
BRDA:32,2,1,1
BRF:4
BRH:3
end_of_record
TN:
SF:C:\Users\gebruiker\Documents\git\TI2806\src\settings.js
FN:3,Settings
FNF:1
FNH:1
FNDA:1,Settings
DA:3,1
DA:4,1
DA:5,1
DA:6,1
DA:7,1
LF:5
LH:5
BRDA:7,1,0,0
BRDA:7,1,1,1
BRF:2
BRH:1
end_of_record
